============================= test session starts =============================
platform win32 -- Python 3.13.7, pytest-9.1.1, pluggy-1.6.0 -- C:\Program Files\Python313\python.exe
cachedir: .pytest_cache
rootdir: D:\soil-health-pwa\backend
plugins: anyio-4.13.0, asyncio-1.4.0
asyncio: mode=Mode.STRICT, debug=False, asyncio_default_fixture_loop_scope=None, asyncio_default_test_loop_scope=function
collecting ... collected 29 items

tests/test_api_endpoints.py::test_root_redirect_to_docs PASSED           [  3%]
tests/test_api_endpoints.py::test_health_endpoint PASSED                 [  6%]
tests/test_api_endpoints.py::test_translations_endpoint_default_english PASSED [ 10%]
tests/test_api_endpoints.py::test_translations_endpoint_hindi PASSED     [ 13%]
tests/test_api_endpoints.py::test_translations_endpoint_kannada PASSED   [ 17%]
tests/test_api_endpoints.py::test_translations_endpoint_fallback_for_unknown PASSED [ 20%]
tests/test_api_endpoints.py::test_analyze_soil_success PASSED            [ 24%]
tests/test_api_endpoints.py::test_analyze_soil_validation_error PASSED   [ 27%]
tests/test_api_endpoints.py::test_fields_empty PASSED                    [ 31%]
tests/test_api_endpoints.py::test_fields_after_analyses PASSED           [ 34%]
tests/test_api_endpoints.py::test_field_trends_endpoint PASSED           [ 37%]
tests/test_api_endpoints.py::test_field_trends_not_found PASSED          [ 41%]
tests/test_database.py::test_save_and_get_one PASSED                     [ 44%]
tests/test_database.py::test_get_one_not_found PASSED                    [ 48%]
tests/test_database.py::test_get_all PASSED                              [ 51%]
tests/test_database.py::test_get_by_field_case_insensitive PASSED        [ 55%]
tests/test_database.py::test_delete PASSED                               [ 58%]
tests/test_database.py::test_count_and_all_field_names PASSED            [ 62%]
tests/test_inference_engine.py::test_nutrient_rows_status PASSED         [ 65%]
tests/test_inference_engine.py::test_ideal_score_function PASSED         [ 68%]
tests/test_inference_engine.py::test_shap_contributions PASSED           [ 72%]
tests/test_inference_engine.py::test_amendments_low_nutrients_acidic PASSED [ 75%]
tests/test_inference_engine.py::test_amendments_alkaline_soil PASSED     [ 79%]
tests/test_inference_engine.py::test_crop_recommendations PASSED         [ 82%]
tests/test_inference_engine.py::test_analyze_soil_full_report PASSED     [ 86%]
tests/test_inference_engine.py::test_ols_regression PASSED               [ 89%]
tests/test_inference_engine.py::test_compute_trend_improving PASSED      [ 93%]
tests/test_inference_engine.py::test_compute_trend_declining PASSED      [ 96%]
tests/test_inference_engine.py::test_compute_trend_insufficient_data PASSED [100%]

============================= 29 passed in 2.84s ==============================
